Added Component: Designator=C1(0805)
Added Component: Designator=C2(0805)
Added Component: Designator=C3(0805)
Added Component: Designator=C4(0805)
Added Component: Designator=C5(0805)
Added Component: Designator=C6(0805)
Added Component: Designator=C7(0805)
Added Component: Designator=C8(0805)
Added Component: Designator=C9(0805)
Added Component: Designator=C10(0805)
Added Component: Designator=C11(0805)
Added Component: Designator=C12(0805)
Added Component: Designator=C13(0805)
Added Component: Designator=C14(0805)
Added Component: Designator=C15(0805)
Added Component: Designator=C16(0805)
Added Component: Designator=C17(0805)
Added Component: Designator=C18(0805)
Added Component: Designator=C19(1206)
Added Component: Designator=C20(0805)
Added Component: Designator=D1(DIOD-POWERDI123-2_A_V)
Add component (AddParameter): Name = "Average Rectified Current"; Value = "1A"; VariantName = "[No Variations]"
Add component (AddParameter): Name = "Capacitance"; Value = "76pF"; VariantName = "[No Variations]"
Add component (AddParameter): Name = "Case\/Package"; Value = "SMD/SMT"; VariantName = "[No Variations]"
Add component (AddParameter): Name = "Contact Plating"; Value = "Matte"; VariantName = "[No Variations]"
Add component (AddParameter): Name = "Current Rating"; Value = "1A"; VariantName = "[No Variations]"
Add component (AddParameter): Name = "Datasheet URL"; Value = "https://www.diodes.com/assets/Datasheets/ds30492.pdf"; VariantName = "[No Variations]"
Add component (AddParameter): Name = "Datasheet Version"; Value = "Rev. 4-2, 06/2009"; VariantName = "[No Variations]"
Add component (AddParameter): Name = "Element Configuration"; Value = "Single"; VariantName = "[No Variations]"
Add component (AddParameter): Name = "Forward Current"; Value = "1A"; VariantName = "[No Variations]"
Add component (AddParameter): Name = "Forward Voltage"; Value = "360mV"; VariantName = "[No Variations]"
Add component (AddParameter): Name = "Height"; Value = "0.98mm"; VariantName = "[No Variations]"
Add component (AddParameter): Name = "Lead Free"; Value = "LeadFree"; VariantName = "[No Variations]"
Add component (AddParameter): Name = "Length"; Value = "2.8mm"; VariantName = "[No Variations]"
Add component (AddParameter): Name = "Manufacturer"; Value = "Diodes Inc"; VariantName = "[No Variations]"
Add component (AddParameter): Name = "Manufacturer URL"; Value = "http://www.diodes.com/"; VariantName = "[No Variations]"
Add component (AddParameter): Name = "Max Forward Surge Current (Ifsm)"; Value = "50A"; VariantName = "[No Variations]"
Add component (AddParameter): Name = "Max Operating Temperature"; Value = "125degC"; VariantName = "[No Variations]"
Add component (AddParameter): Name = "Max Power Dissipation"; Value = "1.67W"; VariantName = "[No Variations]"
Add component (AddParameter): Name = "Max Repetitive Reverse Voltage (Vrrm)"; Value = "30V"; VariantName = "[No Variations]"
Add component (AddParameter): Name = "Min Operating Temperature"; Value = "-40degC"; VariantName = "[No Variations]"
Add component (AddParameter): Name = "Mount"; Value = "SurfaceMount"; VariantName = "[No Variations]"
Add component (AddParameter): Name = "Mounting Technology"; Value = "SurfaceMount"; VariantName = "[No Variations]"
Add component (AddParameter): Name = "Number of Pins"; Value = "2"; VariantName = "[No Variations]"
Add component (AddParameter): Name = "Output Current"; Value = "1A"; VariantName = "[No Variations]"
Add component (AddParameter): Name = "Package Description"; Value = "2-Pin Small Outline Diode, Body 2.8 x 1.78 mm"; VariantName = "[No Variations]"
Add component (AddParameter): Name = "Package Quantity"; Value = "3000"; VariantName = "[No Variations]"
Add component (AddParameter): Name = "Package Reference"; Value = "POWERDI123-2_A"; VariantName = "[No Variations]"
Add component (AddParameter): Name = "Packaging"; Value = "TapeandReel"; VariantName = "[No Variations]"
Add component (AddParameter): Name = "Peak Non-Repetitive Surge Current"; Value = "50A"; VariantName = "[No Variations]"
Add component (AddParameter): Name = "Peak Reverse Current"; Value = "1mA"; VariantName = "[No Variations]"
Add component (AddParameter): Name = "Polarity"; Value = "Standard"; VariantName = "[No Variations]"
Add component (AddParameter): Name = "Radiation Hardening"; Value = "No"; VariantName = "[No Variations]"
Add component (AddParameter): Name = "REACH SVHC"; Value = "NoSVHC"; VariantName = "[No Variations]"
Add component (AddParameter): Name = "Reverse Voltage (DC)"; Value = "30V"; VariantName = "[No Variations]"
Add component (AddParameter): Name = "RoHSCompliant"; Value = "true"; VariantName = "[No Variations]"
Add component (AddParameter): Name = "Termination"; Value = "SMD/SMT"; VariantName = "[No Variations]"
Add component (AddParameter): Name = "Voltage Rating (DC)"; Value = "30V"; VariantName = "[No Variations]"
Add component (AddParameter): Name = "Width"; Value = "1.78mm"; VariantName = "[No Variations]"
Added Component: Designator=D2(DIOD-POWERDI123-2_A_V)
Add component (AddParameter): Name = "Average Rectified Current"; Value = "1A"; VariantName = "[No Variations]"
Add component (AddParameter): Name = "Capacitance"; Value = "76pF"; VariantName = "[No Variations]"
Add component (AddParameter): Name = "Case\/Package"; Value = "SMD/SMT"; VariantName = "[No Variations]"
Add component (AddParameter): Name = "Contact Plating"; Value = "Matte"; VariantName = "[No Variations]"
Add component (AddParameter): Name = "Current Rating"; Value = "1A"; VariantName = "[No Variations]"
Add component (AddParameter): Name = "Datasheet URL"; Value = "https://www.diodes.com/assets/Datasheets/ds30492.pdf"; VariantName = "[No Variations]"
Add component (AddParameter): Name = "Datasheet Version"; Value = "Rev. 4-2, 06/2009"; VariantName = "[No Variations]"
Add component (AddParameter): Name = "Element Configuration"; Value = "Single"; VariantName = "[No Variations]"
Add component (AddParameter): Name = "Forward Current"; Value = "1A"; VariantName = "[No Variations]"
Add component (AddParameter): Name = "Forward Voltage"; Value = "360mV"; VariantName = "[No Variations]"
Add component (AddParameter): Name = "Height"; Value = "0.98mm"; VariantName = "[No Variations]"
Add component (AddParameter): Name = "Lead Free"; Value = "LeadFree"; VariantName = "[No Variations]"
Add component (AddParameter): Name = "Length"; Value = "2.8mm"; VariantName = "[No Variations]"
Add component (AddParameter): Name = "Manufacturer"; Value = "Diodes Inc"; VariantName = "[No Variations]"
Add component (AddParameter): Name = "Manufacturer URL"; Value = "http://www.diodes.com/"; VariantName = "[No Variations]"
Add component (AddParameter): Name = "Max Forward Surge Current (Ifsm)"; Value = "50A"; VariantName = "[No Variations]"
Add component (AddParameter): Name = "Max Operating Temperature"; Value = "125degC"; VariantName = "[No Variations]"
Add component (AddParameter): Name = "Max Power Dissipation"; Value = "1.67W"; VariantName = "[No Variations]"
Add component (AddParameter): Name = "Max Repetitive Reverse Voltage (Vrrm)"; Value = "30V"; VariantName = "[No Variations]"
Add component (AddParameter): Name = "Min Operating Temperature"; Value = "-40degC"; VariantName = "[No Variations]"
Add component (AddParameter): Name = "Mount"; Value = "SurfaceMount"; VariantName = "[No Variations]"
Add component (AddParameter): Name = "Mounting Technology"; Value = "SurfaceMount"; VariantName = "[No Variations]"
Add component (AddParameter): Name = "Number of Pins"; Value = "2"; VariantName = "[No Variations]"
Add component (AddParameter): Name = "Output Current"; Value = "1A"; VariantName = "[No Variations]"
Add component (AddParameter): Name = "Package Description"; Value = "2-Pin Small Outline Diode, Body 2.8 x 1.78 mm"; VariantName = "[No Variations]"
Add component (AddParameter): Name = "Package Quantity"; Value = "3000"; VariantName = "[No Variations]"
Add component (AddParameter): Name = "Package Reference"; Value = "POWERDI123-2_A"; VariantName = "[No Variations]"
Add component (AddParameter): Name = "Packaging"; Value = "TapeandReel"; VariantName = "[No Variations]"
Add component (AddParameter): Name = "Peak Non-Repetitive Surge Current"; Value = "50A"; VariantName = "[No Variations]"
Add component (AddParameter): Name = "Peak Reverse Current"; Value = "1mA"; VariantName = "[No Variations]"
Add component (AddParameter): Name = "Polarity"; Value = "Standard"; VariantName = "[No Variations]"
Add component (AddParameter): Name = "Radiation Hardening"; Value = "No"; VariantName = "[No Variations]"
Add component (AddParameter): Name = "REACH SVHC"; Value = "NoSVHC"; VariantName = "[No Variations]"
Add component (AddParameter): Name = "Reverse Voltage (DC)"; Value = "30V"; VariantName = "[No Variations]"
Add component (AddParameter): Name = "RoHSCompliant"; Value = "true"; VariantName = "[No Variations]"
Add component (AddParameter): Name = "Termination"; Value = "SMD/SMT"; VariantName = "[No Variations]"
Add component (AddParameter): Name = "Voltage Rating (DC)"; Value = "30V"; VariantName = "[No Variations]"
Add component (AddParameter): Name = "Width"; Value = "1.78mm"; VariantName = "[No Variations]"
Added Component: Designator=D3(DIOD-POWERDI123-2_A_V)
Add component (AddParameter): Name = "Average Rectified Current"; Value = "1A"; VariantName = "[No Variations]"
Add component (AddParameter): Name = "Capacitance"; Value = "76pF"; VariantName = "[No Variations]"
Add component (AddParameter): Name = "Case\/Package"; Value = "SMD/SMT"; VariantName = "[No Variations]"
Add component (AddParameter): Name = "Contact Plating"; Value = "Matte"; VariantName = "[No Variations]"
Add component (AddParameter): Name = "Current Rating"; Value = "1A"; VariantName = "[No Variations]"
Add component (AddParameter): Name = "Datasheet URL"; Value = "https://www.diodes.com/assets/Datasheets/ds30492.pdf"; VariantName = "[No Variations]"
Add component (AddParameter): Name = "Datasheet Version"; Value = "Rev. 4-2, 06/2009"; VariantName = "[No Variations]"
Add component (AddParameter): Name = "Element Configuration"; Value = "Single"; VariantName = "[No Variations]"
Add component (AddParameter): Name = "Forward Current"; Value = "1A"; VariantName = "[No Variations]"
Add component (AddParameter): Name = "Forward Voltage"; Value = "360mV"; VariantName = "[No Variations]"
Add component (AddParameter): Name = "Height"; Value = "0.98mm"; VariantName = "[No Variations]"
Add component (AddParameter): Name = "Lead Free"; Value = "LeadFree"; VariantName = "[No Variations]"
Add component (AddParameter): Name = "Length"; Value = "2.8mm"; VariantName = "[No Variations]"
Add component (AddParameter): Name = "Manufacturer"; Value = "Diodes Inc"; VariantName = "[No Variations]"
Add component (AddParameter): Name = "Manufacturer URL"; Value = "http://www.diodes.com/"; VariantName = "[No Variations]"
Add component (AddParameter): Name = "Max Forward Surge Current (Ifsm)"; Value = "50A"; VariantName = "[No Variations]"
Add component (AddParameter): Name = "Max Operating Temperature"; Value = "125degC"; VariantName = "[No Variations]"
Add component (AddParameter): Name = "Max Power Dissipation"; Value = "1.67W"; VariantName = "[No Variations]"
Add component (AddParameter): Name = "Max Repetitive Reverse Voltage (Vrrm)"; Value = "30V"; VariantName = "[No Variations]"
Add component (AddParameter): Name = "Min Operating Temperature"; Value = "-40degC"; VariantName = "[No Variations]"
Add component (AddParameter): Name = "Mount"; Value = "SurfaceMount"; VariantName = "[No Variations]"
Add component (AddParameter): Name = "Mounting Technology"; Value = "SurfaceMount"; VariantName = "[No Variations]"
Add component (AddParameter): Name = "Number of Pins"; Value = "2"; VariantName = "[No Variations]"
Add component (AddParameter): Name = "Output Current"; Value = "1A"; VariantName = "[No Variations]"
Add component (AddParameter): Name = "Package Description"; Value = "2-Pin Small Outline Diode, Body 2.8 x 1.78 mm"; VariantName = "[No Variations]"
Add component (AddParameter): Name = "Package Quantity"; Value = "3000"; VariantName = "[No Variations]"
Add component (AddParameter): Name = "Package Reference"; Value = "POWERDI123-2_A"; VariantName = "[No Variations]"
Add component (AddParameter): Name = "Packaging"; Value = "TapeandReel"; VariantName = "[No Variations]"
Add component (AddParameter): Name = "Peak Non-Repetitive Surge Current"; Value = "50A"; VariantName = "[No Variations]"
Add component (AddParameter): Name = "Peak Reverse Current"; Value = "1mA"; VariantName = "[No Variations]"
Add component (AddParameter): Name = "Polarity"; Value = "Standard"; VariantName = "[No Variations]"
Add component (AddParameter): Name = "Radiation Hardening"; Value = "No"; VariantName = "[No Variations]"
Add component (AddParameter): Name = "REACH SVHC"; Value = "NoSVHC"; VariantName = "[No Variations]"
Add component (AddParameter): Name = "Reverse Voltage (DC)"; Value = "30V"; VariantName = "[No Variations]"
Add component (AddParameter): Name = "RoHSCompliant"; Value = "true"; VariantName = "[No Variations]"
Add component (AddParameter): Name = "Termination"; Value = "SMD/SMT"; VariantName = "[No Variations]"
Add component (AddParameter): Name = "Voltage Rating (DC)"; Value = "30V"; VariantName = "[No Variations]"
Add component (AddParameter): Name = "Width"; Value = "1.78mm"; VariantName = "[No Variations]"
Added Component: Designator=D4(DIOD-POWERDI123-2_A_V)
Add component (AddParameter): Name = "Average Rectified Current"; Value = "1A"; VariantName = "[No Variations]"
Add component (AddParameter): Name = "Capacitance"; Value = "76pF"; VariantName = "[No Variations]"
Add component (AddParameter): Name = "Case\/Package"; Value = "SMD/SMT"; VariantName = "[No Variations]"
Add component (AddParameter): Name = "Contact Plating"; Value = "Matte"; VariantName = "[No Variations]"
Add component (AddParameter): Name = "Current Rating"; Value = "1A"; VariantName = "[No Variations]"
Add component (AddParameter): Name = "Datasheet URL"; Value = "https://www.diodes.com/assets/Datasheets/ds30492.pdf"; VariantName = "[No Variations]"
Add component (AddParameter): Name = "Datasheet Version"; Value = "Rev. 4-2, 06/2009"; VariantName = "[No Variations]"
Add component (AddParameter): Name = "Element Configuration"; Value = "Single"; VariantName = "[No Variations]"
Add component (AddParameter): Name = "Forward Current"; Value = "1A"; VariantName = "[No Variations]"
Add component (AddParameter): Name = "Forward Voltage"; Value = "360mV"; VariantName = "[No Variations]"
Add component (AddParameter): Name = "Height"; Value = "0.98mm"; VariantName = "[No Variations]"
Add component (AddParameter): Name = "Lead Free"; Value = "LeadFree"; VariantName = "[No Variations]"
Add component (AddParameter): Name = "Length"; Value = "2.8mm"; VariantName = "[No Variations]"
Add component (AddParameter): Name = "Manufacturer"; Value = "Diodes Inc"; VariantName = "[No Variations]"
Add component (AddParameter): Name = "Manufacturer URL"; Value = "http://www.diodes.com/"; VariantName = "[No Variations]"
Add component (AddParameter): Name = "Max Forward Surge Current (Ifsm)"; Value = "50A"; VariantName = "[No Variations]"
Add component (AddParameter): Name = "Max Operating Temperature"; Value = "125degC"; VariantName = "[No Variations]"
Add component (AddParameter): Name = "Max Power Dissipation"; Value = "1.67W"; VariantName = "[No Variations]"
Add component (AddParameter): Name = "Max Repetitive Reverse Voltage (Vrrm)"; Value = "30V"; VariantName = "[No Variations]"
Add component (AddParameter): Name = "Min Operating Temperature"; Value = "-40degC"; VariantName = "[No Variations]"
Add component (AddParameter): Name = "Mount"; Value = "SurfaceMount"; VariantName = "[No Variations]"
Add component (AddParameter): Name = "Mounting Technology"; Value = "SurfaceMount"; VariantName = "[No Variations]"
Add component (AddParameter): Name = "Number of Pins"; Value = "2"; VariantName = "[No Variations]"
Add component (AddParameter): Name = "Output Current"; Value = "1A"; VariantName = "[No Variations]"
Add component (AddParameter): Name = "Package Description"; Value = "2-Pin Small Outline Diode, Body 2.8 x 1.78 mm"; VariantName = "[No Variations]"
Add component (AddParameter): Name = "Package Quantity"; Value = "3000"; VariantName = "[No Variations]"
Add component (AddParameter): Name = "Package Reference"; Value = "POWERDI123-2_A"; VariantName = "[No Variations]"
Add component (AddParameter): Name = "Packaging"; Value = "TapeandReel"; VariantName = "[No Variations]"
Add component (AddParameter): Name = "Peak Non-Repetitive Surge Current"; Value = "50A"; VariantName = "[No Variations]"
Add component (AddParameter): Name = "Peak Reverse Current"; Value = "1mA"; VariantName = "[No Variations]"
Add component (AddParameter): Name = "Polarity"; Value = "Standard"; VariantName = "[No Variations]"
Add component (AddParameter): Name = "Radiation Hardening"; Value = "No"; VariantName = "[No Variations]"
Add component (AddParameter): Name = "REACH SVHC"; Value = "NoSVHC"; VariantName = "[No Variations]"
Add component (AddParameter): Name = "Reverse Voltage (DC)"; Value = "30V"; VariantName = "[No Variations]"
Add component (AddParameter): Name = "RoHSCompliant"; Value = "true"; VariantName = "[No Variations]"
Add component (AddParameter): Name = "Termination"; Value = "SMD/SMT"; VariantName = "[No Variations]"
Add component (AddParameter): Name = "Voltage Rating (DC)"; Value = "30V"; VariantName = "[No Variations]"
Add component (AddParameter): Name = "Width"; Value = "1.78mm"; VariantName = "[No Variations]"
Added Component: Designator=D5(DIOD-POWERDI123-2_A_V)
Add component (AddParameter): Name = "Average Rectified Current"; Value = "1A"; VariantName = "[No Variations]"
Add component (AddParameter): Name = "Capacitance"; Value = "76pF"; VariantName = "[No Variations]"
Add component (AddParameter): Name = "Case\/Package"; Value = "SMD/SMT"; VariantName = "[No Variations]"
Add component (AddParameter): Name = "Contact Plating"; Value = "Matte"; VariantName = "[No Variations]"
Add component (AddParameter): Name = "Current Rating"; Value = "1A"; VariantName = "[No Variations]"
Add component (AddParameter): Name = "Datasheet URL"; Value = "https://www.diodes.com/assets/Datasheets/ds30492.pdf"; VariantName = "[No Variations]"
Add component (AddParameter): Name = "Datasheet Version"; Value = "Rev. 4-2, 06/2009"; VariantName = "[No Variations]"
Add component (AddParameter): Name = "Element Configuration"; Value = "Single"; VariantName = "[No Variations]"
Add component (AddParameter): Name = "Forward Current"; Value = "1A"; VariantName = "[No Variations]"
Add component (AddParameter): Name = "Forward Voltage"; Value = "360mV"; VariantName = "[No Variations]"
Add component (AddParameter): Name = "Height"; Value = "0.98mm"; VariantName = "[No Variations]"
Add component (AddParameter): Name = "Lead Free"; Value = "LeadFree"; VariantName = "[No Variations]"
Add component (AddParameter): Name = "Length"; Value = "2.8mm"; VariantName = "[No Variations]"
Add component (AddParameter): Name = "Manufacturer"; Value = "Diodes Inc"; VariantName = "[No Variations]"
Add component (AddParameter): Name = "Manufacturer URL"; Value = "http://www.diodes.com/"; VariantName = "[No Variations]"
Add component (AddParameter): Name = "Max Forward Surge Current (Ifsm)"; Value = "50A"; VariantName = "[No Variations]"
Add component (AddParameter): Name = "Max Operating Temperature"; Value = "125degC"; VariantName = "[No Variations]"
Add component (AddParameter): Name = "Max Power Dissipation"; Value = "1.67W"; VariantName = "[No Variations]"
Add component (AddParameter): Name = "Max Repetitive Reverse Voltage (Vrrm)"; Value = "30V"; VariantName = "[No Variations]"
Add component (AddParameter): Name = "Min Operating Temperature"; Value = "-40degC"; VariantName = "[No Variations]"
Add component (AddParameter): Name = "Mount"; Value = "SurfaceMount"; VariantName = "[No Variations]"
Add component (AddParameter): Name = "Mounting Technology"; Value = "SurfaceMount"; VariantName = "[No Variations]"
Add component (AddParameter): Name = "Number of Pins"; Value = "2"; VariantName = "[No Variations]"
Add component (AddParameter): Name = "Output Current"; Value = "1A"; VariantName = "[No Variations]"
Add component (AddParameter): Name = "Package Description"; Value = "2-Pin Small Outline Diode, Body 2.8 x 1.78 mm"; VariantName = "[No Variations]"
Add component (AddParameter): Name = "Package Quantity"; Value = "3000"; VariantName = "[No Variations]"
Add component (AddParameter): Name = "Package Reference"; Value = "POWERDI123-2_A"; VariantName = "[No Variations]"
Add component (AddParameter): Name = "Packaging"; Value = "TapeandReel"; VariantName = "[No Variations]"
Add component (AddParameter): Name = "Peak Non-Repetitive Surge Current"; Value = "50A"; VariantName = "[No Variations]"
Add component (AddParameter): Name = "Peak Reverse Current"; Value = "1mA"; VariantName = "[No Variations]"
Add component (AddParameter): Name = "Polarity"; Value = "Standard"; VariantName = "[No Variations]"
Add component (AddParameter): Name = "Radiation Hardening"; Value = "No"; VariantName = "[No Variations]"
Add component (AddParameter): Name = "REACH SVHC"; Value = "NoSVHC"; VariantName = "[No Variations]"
Add component (AddParameter): Name = "Reverse Voltage (DC)"; Value = "30V"; VariantName = "[No Variations]"
Add component (AddParameter): Name = "RoHSCompliant"; Value = "true"; VariantName = "[No Variations]"
Add component (AddParameter): Name = "Termination"; Value = "SMD/SMT"; VariantName = "[No Variations]"
Add component (AddParameter): Name = "Voltage Rating (DC)"; Value = "30V"; VariantName = "[No Variations]"
Add component (AddParameter): Name = "Width"; Value = "1.78mm"; VariantName = "[No Variations]"
Added Component: Designator=D6(FP-CLV1A-FKB-CHMKPEHBB7A3-MFG)
Add component (AddParameter): Name = "Case/Package"; Value = "PLCC"; VariantName = "[No Variations]"
Add component (AddParameter): Name = "Color"; Value = "Blue"; VariantName = "[No Variations]"
Add component (AddParameter): Name = "Depth"; Value = "3.2mm"; VariantName = "[No Variations]"
Add component (AddParameter): Name = "Dominant Wavelength"; Value = "470nm"; VariantName = "[No Variations]"
Add component (AddParameter): Name = "Forward Current"; Value = "20mA"; VariantName = "[No Variations]"
Add component (AddParameter): Name = "Forward Voltage"; Value = "3.2V"; VariantName = "[No Variations]"
Add component (AddParameter): Name = "Height"; Value = "2.1mm"; VariantName = "[No Variations]"
Add component (AddParameter): Name = "Length"; Value = "2.8mm"; VariantName = "[No Variations]"
Add component (AddParameter): Name = "Lens Color"; Value = "White"; VariantName = "[No Variations]"
Add component (AddParameter): Name = "Lens Style"; Value = "Round"; VariantName = "[No Variations]"
Add component (AddParameter): Name = "Lens Transparency"; Value = "Diffused"; VariantName = "[No Variations]"
Add component (AddParameter): Name = "Luminous Intensity"; Value = "315mcd"; VariantName = "[No Variations]"
Add component (AddParameter): Name = "Max Operating Temperature"; Value = "100°C"; VariantName = "[No Variations]"
Add component (AddParameter): Name = "Min Operating Temperature"; Value = "-40°C"; VariantName = "[No Variations]"
Add component (AddParameter): Name = "Mount"; Value = "Surface Mount"; VariantName = "[No Variations]"
Add component (AddParameter): Name = "Number of Elements"; Value = "3"; VariantName = "[No Variations]"
Add component (AddParameter): Name = "Number of LEDs"; Value = "1"; VariantName = "[No Variations]"
Add component (AddParameter): Name = "Number of Pins"; Value = "4"; VariantName = "[No Variations]"
Add component (AddParameter): Name = "Package Quantity"; Value = "2000"; VariantName = "[No Variations]"
Add component (AddParameter): Name = "Packaging"; Value = "Tape and Reel"; VariantName = "[No Variations]"
Add component (AddParameter): Name = "Radiation Hardening"; Value = "No"; VariantName = "[No Variations]"
Add component (AddParameter): Name = "Reverse Voltage"; Value = "5V"; VariantName = "[No Variations]"
Add component (AddParameter): Name = "Test Current"; Value = "20mA"; VariantName = "[No Variations]"
Add component (AddParameter): Name = "Viewing Angle"; Value = "120°"; VariantName = "[No Variations]"
Add component (AddParameter): Name = "Width"; Value = "2.8mm"; VariantName = "[No Variations]"
Added Component: Designator=J1(MOLX-105133-0001_V)
Add component (AddParameter): Name = "Brand"; Value = "Molex"; VariantName = "[No Variations]"
Add component (AddParameter): Name = "Color"; Value = "Black"; VariantName = "[No Variations]"
Add component (AddParameter): Name = "Connector Type"; Value = "MicroUSBTypeBReceptacle"; VariantName = "[No Variations]"
Add component (AddParameter): Name = "Contact Material"; Value = "CopperAlloy"; VariantName = "[No Variations]"
Add component (AddParameter): Name = "Contact Plating"; Value = "Gold"; VariantName = "[No Variations]"
Add component (AddParameter): Name = "Current Rating"; Value = "1.8A"; VariantName = "[No Variations]"
Add component (AddParameter): Name = "Datasheet URL"; Value = "http://www.molex.com/webdocs/datasheets/pdf/en-us/1051330001_IO_CONNECTORS.pdf"; VariantName = "[No Variations]"
Add component (AddParameter): Name = "Datasheet Version"; Value = "03/2016"; VariantName = "[No Variations]"
Add component (AddParameter): Name = "Factory Pack Quantity"; Value = "6000"; VariantName = "[No Variations]"
Add component (AddParameter): Name = "Flammability Rating"; Value = "UL94V-0"; VariantName = "[No Variations]"
Add component (AddParameter): Name = "Gender"; Value = "Receptacle"; VariantName = "[No Variations]"
Add component (AddParameter): Name = "Manufacturer"; Value = "Molex"; VariantName = "[No Variations]"
Add component (AddParameter): Name = "Manufacturer URL"; Value = "http://www.molex.com/"; VariantName = "[No Variations]"
Add component (AddParameter): Name = "Mounting Angle"; Value = "Vertical"; VariantName = "[No Variations]"
Add component (AddParameter): Name = "Mounting Style"; Value = "SMD/SMT"; VariantName = "[No Variations]"
Add component (AddParameter): Name = "Mounting Technology"; Value = "SurfaceMount"; VariantName = "[No Variations]"
Add component (AddParameter): Name = "Number of Ports"; Value = "1"; VariantName = "[No Variations]"
Add component (AddParameter): Name = "Package Description"; Value = "5-Pin Surface Mount Device, Pitch 0.65 mm"; VariantName = "[No Variations]"
Add component (AddParameter): Name = "Package Reference"; Value = "105133-0001"; VariantName = "[No Variations]"
Add component (AddParameter): Name = "Package URL"; Value = "http://www.molex.com/pdm_docs/sd/1051330001_sd.pdf"; VariantName = "[No Variations]"
Add component (AddParameter): Name = "Package Version"; Value = "Rev. C, 11/2015"; VariantName = "[No Variations]"
Add component (AddParameter): Name = "Packaging"; Value = "Reel"; VariantName = "[No Variations]"
Add component (AddParameter): Name = "PartNumber"; Value = "105133-0001"; VariantName = "[No Variations]"
Add component (AddParameter): Name = "Product"; Value = "MicroUSBTypeBConnectors"; VariantName = "[No Variations]"
Add component (AddParameter): Name = "Product Category"; Value = "USBConnectors"; VariantName = "[No Variations]"
Add component (AddParameter): Name = "RoHS"; Value = "Details"; VariantName = "[No Variations]"
Add component (AddParameter): Name = "Series"; Value = "105133"; VariantName = "[No Variations]"
Add component (AddParameter): Name = "Standard"; Value = "USB"; VariantName = "[No Variations]"
Add component (AddParameter): Name = "Termination Style"; Value = "SolderTail"; VariantName = "[No Variations]"
Add component (AddParameter): Name = "Voltage - Max"; Value = "30V"; VariantName = "[No Variations]"
Add component (AddParameter): Name = "Voltage Rating"; Value = "30VAC"; VariantName = "[No Variations]"
Added Component: Designator=J2(JACKDC)
Added Component: Designator=J3(MOLEX2)
Added Component: Designator=J4(SIP2)
Added Component: Designator=J5(SIP2)
Added Component: Designator=J6(FP-MRJ-5381-01-MFG)
Add component (AddParameter): Name = "Color"; Value = "Black"; VariantName = "[No Variations]"
Add component (AddParameter): Name = "Connector Type"; Value = "Jack"; VariantName = "[No Variations]"
Add component (AddParameter): Name = "Contact Material"; Value = "Bronze"; VariantName = "[No Variations]"
Add component (AddParameter): Name = "Contact Plating"; Value = "Gold"; VariantName = "[No Variations]"
Add component (AddParameter): Name = "Contact Resistance"; Value = "30mR"; VariantName = "[No Variations]"
Add component (AddParameter): Name = "Current Rating"; Value = "1.5A"; VariantName = "[No Variations]"
Add component (AddParameter): Name = "Depth"; Value = "26.95mm"; VariantName = "[No Variations]"
Add component (AddParameter): Name = "Direction"; Value = "Down"; VariantName = "[No Variations]"
Add component (AddParameter): Name = "Flammability Rating"; Value = "UL94 V-0"; VariantName = "[No Variations]"
Add component (AddParameter): Name = "Gender"; Value = "Female"; VariantName = "[No Variations]"
Add component (AddParameter): Name = "Housing Color"; Value = "Black"; VariantName = "[No Variations]"
Add component (AddParameter): Name = "Housing Material"; Value = "PC"; VariantName = "[No Variations]"
Add component (AddParameter): Name = "Lead Free"; Value = "Lead Free"; VariantName = "[No Variations]"
Add component (AddParameter): Name = "Length"; Value = "30.3mm"; VariantName = "[No Variations]"
Add component (AddParameter): Name = "Max Current Rating"; Value = "1.5A"; VariantName = "[No Variations]"
Add component (AddParameter): Name = "Max Operating Temperature"; Value = "105°C"; VariantName = "[No Variations]"
Add component (AddParameter): Name = "Min Operating Temperature"; Value = "-40°C"; VariantName = "[No Variations]"
Add component (AddParameter): Name = "Mount"; Value = "Through Hole"; VariantName = "[No Variations]"
Add component (AddParameter): Name = "Number of Contacts"; Value = "8"; VariantName = "[No Variations]"
Add component (AddParameter): Name = "Number of Ports"; Value = "1"; VariantName = "[No Variations]"
Add component (AddParameter): Name = "Number of Positions"; Value = "8"; VariantName = "[No Variations]"
Add component (AddParameter): Name = "Number of Positions Loaded"; Value = "8"; VariantName = "[No Variations]"
Add component (AddParameter): Name = "Number of Rows"; Value = "1"; VariantName = "[No Variations]"
Add component (AddParameter): Name = "Orientation"; Value = "Right Angle"; VariantName = "[No Variations]"
Add component (AddParameter): Name = "Package Quantity"; Value = "40"; VariantName = "[No Variations]"
Add component (AddParameter): Name = "Packaging"; Value = "Bulk"; VariantName = "[No Variations]"
Add component (AddParameter): Name = "Pitch"; Value = "2.54mm"; VariantName = "[No Variations]"
Add component (AddParameter): Name = "Primary Type"; Value = "MODULAR"; VariantName = "[No Variations]"
Add component (AddParameter): Name = "Radiation Hardening"; Value = "No"; VariantName = "[No Variations]"
Add component (AddParameter): Name = "Ratings"; Value = "IP67"; VariantName = "[No Variations]"
Add component (AddParameter): Name = "RoHS Compliant"; Value = "Yes"; VariantName = "[No Variations]"
Add component (AddParameter): Name = "Series"; Value = "MRJ"; VariantName = "[No Variations]"
Add component (AddParameter): Name = "Shielding"; Value = "Unshielded"; VariantName = "[No Variations]"
Add component (AddParameter): Name = "Termination"; Value = "Through Hole"; VariantName = "[No Variations]"
Add component (AddParameter): Name = "Voltage Rating"; Value = "100V"; VariantName = "[No Variations]"
Add component (AddParameter): Name = "Voltage Rating (DC)"; Value = "100V"; VariantName = "[No Variations]"
Added Component: Designator=J7(MOLEX5)
Added Component: Designator=J8(SIP9*2)
Added Component: Designator=P1(HDR2X5)
Add component (AddParameter): Name = "LatestRevisionDate"; Value = "17-Jul-2002"; VariantName = "[No Variations]"
Add component (AddParameter): Name = "LatestRevisionNote"; Value = "Re-released for DXP Platform."; VariantName = "[No Variations]"
Add component (AddParameter): Name = "Publisher"; Value = "Altium Limited"; VariantName = "[No Variations]"
Added Component: Designator=R1(0805)
Added Component: Designator=R2(0805)
Added Component: Designator=R3(0805)
Added Component: Designator=R4(0805)
Added Component: Designator=R5(0805)
Added Component: Designator=R6(0805)
Added Component: Designator=R7(0805)
Added Component: Designator=R8(0805)
Added Component: Designator=R9(0805)
Added Component: Designator=R10(0805)
Added Component: Designator=R11(0805)
Added Component: Designator=R12(0805)
Added Component: Designator=R13(0805)
Added Component: Designator=R14(0805)
Added Component: Designator=R15(0805)
Added Component: Designator=R16(0805)
Added Component: Designator=R17(0805)
Added Component: Designator=R18(0805)
Added Component: Designator=R19(0805)
Added Component: Designator=R20(0805)
Added Component: Designator=R21(0805)
Added Component: Designator=R22(0805)
Added Component: Designator=R23(0805)
Added Component: Designator=R24(0805)
Added Component: Designator=R25(0805)
Added Component: Designator=R26(0805)
Added Component: Designator=R27(0805)
Added Component: Designator=R28(0805)
Added Component: Designator=R29(0805)
Added Component: Designator=TP1(TPTH)
Added Component: Designator=TP2(TPTH)
Added Component: Designator=TP3(TPTH)
Added Component: Designator=TP4(TPTH)
Added Component: Designator=TP5(TPTH)
Added Component: Designator=TP6(TPTH)
Added Component: Designator=TP7(TPTH)
Added Component: Designator=U1(918-03_N)
Add component (AddParameter): Name = "ComponentLink1Description"; Value = "Manufacturer URL"; VariantName = "[No Variations]"
Add component (AddParameter): Name = "ComponentLink1URL"; Value = "http://www.freescale.com/"; VariantName = "[No Variations]"
Add component (AddParameter): Name = "ComponentLink2Description"; Value = "Datasheet"; VariantName = "[No Variations]"
Add component (AddParameter): Name = "ComponentLink2URL"; Value = "http://cache.freescale.com/files/microcontrollers/doc/data_sheet/K64P144M120SF5.pdf?pspll=1"; VariantName = "[No Variations]"
Add component (AddParameter): Name = "ComponentLink3Description"; Value = "Package Specification"; VariantName = "[No Variations]"
Add component (AddParameter): Name = "ComponentLink3URL"; Value = "http://cache.freescale.com/files/shared/doc/package_info/98ASS23177W.pdf"; VariantName = "[No Variations]"
Add component (AddParameter): Name = "DatasheetVersion"; Value = "Rev. 3"; VariantName = "[No Variations]"
Add component (AddParameter): Name = "Flash"; Value = "1 MB"; VariantName = "[No Variations]"
Add component (AddParameter): Name = "Manufacturer"; Value = "Freescale Semiconductor"; VariantName = "[No Variations]"
Add component (AddParameter): Name = "Mounting Technology"; Value = "Surface Mount"; VariantName = "[No Variations]"
Add component (AddParameter): Name = "PackageDescription"; Value = "144-Pin Plastic Quad Flat Package, Body 20 x 20 mm, Pitch 0.5 mm"; VariantName = "[No Variations]"
Add component (AddParameter): Name = "PackageVersion"; Value = "Rev. G"; VariantName = "[No Variations]"
Add component (AddParameter): Name = "Packing"; Value = "Tray"; VariantName = "[No Variations]"
Add component (AddParameter): Name = "PartNumber"; Value = "MK64FN1M0VLQ12"; VariantName = "[No Variations]"
Add component (AddParameter): Name = "RoHS"; Value = "TRUE"; VariantName = "[No Variations]"
Add component (AddParameter): Name = "SRAM"; Value = "256 KB"; VariantName = "[No Variations]"
Add component (AddParameter): Name = "Temperature Range"; Value = "-40 to 105 degC"; VariantName = "[No Variations]"
Add component (AddParameter): Name = "VBAT"; Value = "1.71 to 3.6 V"; VariantName = "[No Variations]"
Add component (AddParameter): Name = "VDD"; Value = "1.71 to 3.6 V"; VariantName = "[No Variations]"
Add component (AddParameter): Name = "VDDA"; Value = "1.71 to 3.6 V"; VariantName = "[No Variations]"
Added Component: Designator=U2(ONSC-SOT-223-4-318H-01_A_V)
Add component (AddParameter): Name = "Case Code (Imperial)"; Value = "0603"; VariantName = "[No Variations]"
Add component (AddParameter): Name = "Case Code (Metric)"; Value = "1608"; VariantName = "[No Variations]"
Add component (AddParameter): Name = "Case\Package"; Value = "0603"; VariantName = "[No Variations]"
Add component (AddParameter): Name = "ComponentLink1Description"; Value = "Manufacturer URL"; VariantName = "[No Variations]"
Add component (AddParameter): Name = "ComponentLink1URL"; Value = "http://www.onsemi.com/"; VariantName = "[No Variations]"
Add component (AddParameter): Name = "ComponentLink2Description"; Value = "Datasheet"; VariantName = "[No Variations]"
Add component (AddParameter): Name = "ComponentLink2URL"; Value = "http://www.onsemi.com/pub_link/Collateral/NCP1117-D.PDF"; VariantName = "[No Variations]"
Add component (AddParameter): Name = "DatasheetVersion"; Value = "Rev. 27, 09/2014"; VariantName = "[No Variations]"
Add component (AddParameter): Name = "Height"; Value = "0.45 mm"; VariantName = "[No Variations]"
Add component (AddParameter): Name = "Length"; Value = "1.55 mm"; VariantName = "[No Variations]"
Add component (AddParameter): Name = "Max Operating Temperature"; Value = "155 degC"; VariantName = "[No Variations]"
Add component (AddParameter): Name = "Min Operating Temperature"; Value = "-55 degC"; VariantName = "[No Variations]"
Add component (AddParameter): Name = "Mount"; Value = "Surface Mount"; VariantName = "[No Variations]"
Add component (AddParameter): Name = "Package Quantity"; Value = "5000"; VariantName = "[No Variations]"
Add component (AddParameter): Name = "PackageDescription"; Value = "4-Pin Small Outline Transistor, Body 6.5 x 3.5 mm, Pitch 2.3 mm"; VariantName = "[No Variations]"
Add component (AddParameter): Name = "PackageReference"; Value = "SOT-223-4-318H-01_A"; VariantName = "[No Variations]"
Add component (AddParameter): Name = "Packaging"; Value = "Tape and Reel"; VariantName = "[No Variations]"
Add component (AddParameter): Name = "Power Rating"; Value = "100 mW"; VariantName = "[No Variations]"
Add component (AddParameter): Name = "Radiation Hardening"; Value = "No"; VariantName = "[No Variations]"
Add component (AddParameter): Name = "REACH SVHC"; Value = "Unknown"; VariantName = "[No Variations]"
Add component (AddParameter): Name = "Resistance"; Value = "220 kohm"; VariantName = "[No Variations]"
Add component (AddParameter): Name = "RoHSCompliant"; Value = "true"; VariantName = "[No Variations]"
Add component (AddParameter): Name = "Tolerance"; Value = "1%"; VariantName = "[No Variations]"
Add component (AddParameter): Name = "Type (Resistor)"; Value = "Thick Film"; VariantName = "[No Variations]"
Add component (AddParameter): Name = "Voltage Rating"; Value = "75 V"; VariantName = "[No Variations]"
Add component (AddParameter): Name = "Weight"; Value = "7.1E-05 oz"; VariantName = "[No Variations]"
Add component (AddParameter): Name = "Width"; Value = "0.85 mm"; VariantName = "[No Variations]"
Added Component: Designator=U3(FP-QFN44-24LD-PL-1-MFG)
Add component (AddParameter): Name = "Ambient Temperature Range High"; Value = "+70°C"; VariantName = "[No Variations]"
Add component (AddParameter): Name = "Ambient Temperature Range Low"; Value = "0°C"; VariantName = "[No Variations]"
Add component (AddParameter): Name = "Automotive"; Value = "No"; VariantName = "[No Variations]"
Add component (AddParameter): Name = "Category"; Value = "IC"; VariantName = "[No Variations]"
Add component (AddParameter): Name = "ComponentLink2Description"; Value = "Datasheet"; VariantName = "[No Variations]"
Add component (AddParameter): Name = "ComponentLink2URL"; Value = "http://ww1.microchip.com/downloads/en/DeviceDoc/KSZ8081RNA-RND-10BASE-T-100BASE-TX-PHY-with-RMII-Support-DS00002199B.pdf"; VariantName = "[No Variations]"
Add component (AddParameter): Name = "Data Rate"; Value = "100Mbits/s"; VariantName = "[No Variations]"
Add component (AddParameter): Name = "Device Class L1"; Value = "Integrated Circuits (ICs)"; VariantName = "[No Variations]"
Add component (AddParameter): Name = "Device Class L2"; Value = "Interface ICs"; VariantName = "[No Variations]"
Add component (AddParameter): Name = "Device Class L3"; Value = "Ethernet Interface ICs"; VariantName = "[No Variations]"
Add component (AddParameter): Name = "Digikey Description"; Value = "IC TRANSCEIVER FULL 1/1 24QFN"; VariantName = "[No Variations]"
Add component (AddParameter): Name = "Height"; Value = "0.9mm"; VariantName = "[No Variations]"
Add component (AddParameter): Name = "Interface"; Value = "Ethernet,Other"; VariantName = "[No Variations]"
Add component (AddParameter): Name = "Lead Free"; Value = "Yes"; VariantName = "[No Variations]"
Add component (AddParameter): Name = "Manufacturer"; Value = "Microchip"; VariantName = "[No Variations]"
Add component (AddParameter): Name = "Manufacturer Part Number"; Value = "KSZ8081RNACA"; VariantName = "[No Variations]"
Add component (AddParameter): Name = "Max Junction Temp"; Value = "+125°C"; VariantName = "[No Variations]"
Add component (AddParameter): Name = "Max Supply Voltage"; Value = "3.465V"; VariantName = "[No Variations]"
Add component (AddParameter): Name = "Min Supply Voltage"; Value = "1.71V"; VariantName = "[No Variations]"
Add component (AddParameter): Name = "Nominal Supply Current"; Value = "20-47mA"; VariantName = "[No Variations]"
Add component (AddParameter): Name = "Number Of Channels"; Value = "1"; VariantName = "[No Variations]"
Add component (AddParameter): Name = "Octopart"; Value = "https://octopart.com/ksz8081rnaca-microchip-66799959"; VariantName = "[No Variations]"
Add component (AddParameter): Name = "Package"; Value = "QFN44-24LD-PL-1"; VariantName = "[No Variations]"
Add component (AddParameter): Name = "RoHS"; Value = "TRUE"; VariantName = "[No Variations]"
Add component (AddParameter): Name = "Simplex Duplex"; Value = "Full Duplex"; VariantName = "[No Variations]"
Add component (AddParameter): Name = "Standoff Height"; Value = "0.02mm"; VariantName = "[No Variations]"
Add component (AddParameter): Name = "Temperature"; Value = "to +125°C"; VariantName = "[No Variations]"
Add component (AddParameter): Name = "Temperature Range High"; Value = "+125°C"; VariantName = "[No Variations]"
Added Component: Designator=Y1(CRISTAL PERFIL)
Added Component: Designator=Y2(CRISTAL PERFIL)
Added Pin To Net: NetName=P5V0_USB_CONN_VBUS Pin=C19-1
Added Pin To Net: NetName=P5V0_USB_CONN_VBUS Pin=D1-1
Added Pin To Net: NetName=P5V0_USB_CONN_VBUS Pin=J1-1
Added Pin To Net: NetName=K64_MICRO_USB_DN Pin=R1-2
Added Pin To Net: NetName=K64_MICRO_USB_DP Pin=R2-2
Added Pin To Net: NetName=K64_MICRO_USB_DP Pin=U1-19
Added Pin To Net: NetName=K64_MICRO_USB_DN Pin=U1-20
Added Pin To Net: NetName=P5V0_USB_CONN_VBUS Pin=U1-22
Added Pin To Net: NetName=3V3 Pin=C5-2
Added Pin To Net: NetName=3V3 Pin=C6-2
Added Pin To Net: NetName=3V3 Pin=C7-2
Added Pin To Net: NetName=3V3 Pin=C8-2
Added Pin To Net: NetName=3V3 Pin=C17-2
Added Pin To Net: NetName=3V3 Pin=C18-2
Added Pin To Net: NetName=3V3 Pin=D5-2
Added Pin To Net: NetName=3V3 Pin=D6-2
Added Pin To Net: NetName=3V3 Pin=J5-2
Added Pin To Net: NetName=3V3 Pin=J6-12
Added Pin To Net: NetName=3V3 Pin=J8-1
Added Pin To Net: NetName=3V3 Pin=J8-17
Added Pin To Net: NetName=3V3 Pin=P1-1
Added Pin To Net: NetName=3V3 Pin=R4-2
Added Pin To Net: NetName=3V3 Pin=R7-1
Added Pin To Net: NetName=3V3 Pin=R16-2
Added Pin To Net: NetName=3V3 Pin=R21-1
Added Pin To Net: NetName=3V3 Pin=R23-2
Added Pin To Net: NetName=3V3 Pin=TP6-1
Added Pin To Net: NetName=3V3 Pin=U1-5
Added Pin To Net: NetName=3V3 Pin=U1-16
Added Pin To Net: NetName=3V3 Pin=U1-31
Added Pin To Net: NetName=3V3 Pin=U1-32
Added Pin To Net: NetName=3V3 Pin=U1-42
Added Pin To Net: NetName=3V3 Pin=U1-43
Added Pin To Net: NetName=3V3 Pin=U1-56
Added Pin To Net: NetName=3V3 Pin=U1-70
Added Pin To Net: NetName=3V3 Pin=U1-94
Added Pin To Net: NetName=3V3 Pin=U1-108
Added Pin To Net: NetName=3V3 Pin=U1-122
Added Pin To Net: NetName=3V3 Pin=U1-135
Added Pin To Net: NetName=3V3 Pin=U3-2
Added Pin To Net: NetName=3V3 Pin=U3-14
Added Net: Name=3V3
Added Pin To Net: NetName=5V_IN Pin=D1-2
Added Pin To Net: NetName=5V_IN Pin=D2-2
Added Pin To Net: NetName=5V_IN Pin=D3-2
Added Pin To Net: NetName=5V_IN Pin=J4-1
Added Pin To Net: NetName=5V_IN Pin=J7-1
Added Pin To Net: NetName=5V_IN Pin=R3-1
Added Pin To Net: NetName=5V_IN Pin=TP4-1
Added Net: Name=5V_IN
Added Pin To Net: NetName=ADC0_DM0/ADC1_DM3 Pin=U1-28
Added Net: Name=ADC0_DM0/ADC1_DM3
Added Pin To Net: NetName=ADC0_DM1 Pin=U1-24
Added Net: Name=ADC0_DM1
Added Pin To Net: NetName=ADC0_DP0/AD1_DP3 Pin=U1-27
Added Net: Name=ADC0_DP0/AD1_DP3
Added Pin To Net: NetName=ADC0_DP1 Pin=U1-23
Added Net: Name=ADC0_DP1
Added Pin To Net: NetName=ADC0_SE16 Pin=U1-36
Added Net: Name=ADC0_SE16
Added Pin To Net: NetName=ADC1_DM0/ADC0_DM3 Pin=U1-30
Added Net: Name=ADC1_DM0/ADC0_DM3
Added Pin To Net: NetName=ADC1_DM1 Pin=U1-26
Added Net: Name=ADC1_DM1
Added Pin To Net: NetName=ADC1_DP0/ADC0_DP3 Pin=U1-29
Added Net: Name=ADC1_DP0/ADC0_DP3
Added Pin To Net: NetName=ADC1_DP1 Pin=U1-25
Added Net: Name=ADC1_DP1
Added Pin To Net: NetName=ADC1_SE16 Pin=U1-35
Added Net: Name=ADC1_SE16
Added Pin To Net: NetName=ADC1_SE18 Pin=U1-37
Added Net: Name=ADC1_SE18
Added Pin To Net: NetName=CLOCK Pin=J7-3
Added Pin To Net: NetName=CLOCK Pin=R25-2
Added Net: Name=CLOCK
Added Pin To Net: NetName=CRS_DV Pin=R12-1
Added Pin To Net: NetName=CRS_DV Pin=U3-15
Added Net: Name=CRS_DV
Added Pin To Net: NetName=DAC0_OUT Pin=U1-38
Added Net: Name=DAC0_OUT
Added Pin To Net: NetName=DAC1_OUT Pin=U1-39
Added Net: Name=DAC1_OUT
Added Pin To Net: NetName=DATA Pin=J7-4
Added Pin To Net: NetName=DATA Pin=R26-2
Added Net: Name=DATA
Added Pin To Net: NetName=DC_EXT Pin=D3-1
Added Pin To Net: NetName=DC_EXT Pin=J3-1
Added Pin To Net: NetName=DC_EXT Pin=TP2-1
Added Net: Name=DC_EXT
Added Pin To Net: NetName=DC_JACK Pin=D2-1
Added Pin To Net: NetName=DC_JACK Pin=J2-1
Added Pin To Net: NetName=DC_JACK Pin=TP1-1
Added Net: Name=DC_JACK
Added Pin To Net: NetName=ENABLE Pin=J7-2
Added Pin To Net: NetName=ENABLE Pin=R24-2
Added Net: Name=ENABLE
Added Pin To Net: NetName=ENET1_CT Pin=C14-2
Added Pin To Net: NetName=ENET1_CT Pin=J6-3
Added Pin To Net: NetName=ENET1_CT Pin=J6-6
Added Pin To Net: NetName=ENET1_CT Pin=R16-1
Added Net: Name=ENET1_CT
Added Pin To Net: NetName=ENET1_RX+ Pin=J6-7
Added Pin To Net: NetName=ENET1_RX+ Pin=R17-2
Added Pin To Net: NetName=ENET1_RX+ Pin=U3-4
Added Net: Name=ENET1_RX+
Added Pin To Net: NetName=ENET1_RX- Pin=J6-8
Added Pin To Net: NetName=ENET1_RX- Pin=R20-2
Added Pin To Net: NetName=ENET1_RX- Pin=U3-3
Added Net: Name=ENET1_RX-
Added Pin To Net: NetName=ENET1_TX+ Pin=J6-1
Added Pin To Net: NetName=ENET1_TX+ Pin=R14-2
Added Pin To Net: NetName=ENET1_TX+ Pin=U3-6
Added Net: Name=ENET1_TX+
Added Pin To Net: NetName=ENET1_TX- Pin=J6-2
Added Pin To Net: NetName=ENET1_TX- Pin=R15-2
Added Pin To Net: NetName=ENET1_TX- Pin=U3-5
Added Net: Name=ENET1_TX-
Added Pin To Net: NetName=ENET_1_RX_RDIV Pin=C15-2
Added Pin To Net: NetName=ENET_1_RX_RDIV Pin=R17-1
Added Pin To Net: NetName=ENET_1_RX_RDIV Pin=R20-1
Added Net: Name=ENET_1_RX_RDIV
Added Pin To Net: NetName=EXTAL32_RTC Pin=U1-41
Added Pin To Net: NetName=EXTAL32_RTC Pin=Y2-2
Added Net: Name=EXTAL32_RTC
Added Pin To Net: NetName=I2S0_TX_BCLK Pin=R26-1
Added Pin To Net: NetName=I2S0_TX_BCLK Pin=R27-2
Added Pin To Net: NetName=I2S0_TX_BCLK Pin=U1-97
Added Net: Name=I2S0_TX_BCLK
Added Pin To Net: NetName=I2S0_TX_FS Pin=R25-1
Added Pin To Net: NetName=I2S0_TX_FS Pin=R28-2
Added Pin To Net: NetName=I2S0_TX_FS Pin=U1-98
Added Net: Name=I2S0_TX_FS
Added Pin To Net: NetName=LED1/SPEED Pin=R22-1
Added Pin To Net: NetName=LED1/SPEED Pin=U3-23
Added Net: Name=LED1/SPEED
Added Pin To Net: NetName=NetC1_1 Pin=C1-1
Added Pin To Net: NetName=NetC1_1 Pin=J4-2
Added Pin To Net: NetName=NetC1_1 Pin=R3-2
Added Pin To Net: NetName=NetC1_1 Pin=U2-3
Added Net: Name=NetC1_1
Added Pin To Net: NetName=NetC4_2 Pin=C4-2
Added Pin To Net: NetName=NetC4_2 Pin=D5-1
Added Pin To Net: NetName=NetC4_2 Pin=R7-2
Added Pin To Net: NetName=NetC4_2 Pin=U3-24
Added Net: Name=NetC4_2
Added Pin To Net: NetName=NetC13_2 Pin=C13-2
Added Pin To Net: NetName=NetC13_2 Pin=R14-1
Added Pin To Net: NetName=NetC13_2 Pin=R15-1
Added Net: Name=NetC13_2
Added Pin To Net: NetName=NetD4_2 Pin=D4-2
Added Pin To Net: NetName=NetD4_2 Pin=J5-1
Added Pin To Net: NetName=NetD4_2 Pin=R4-1
Added Net: Name=NetD4_2
Added Pin To Net: NetName=NetD6_1 Pin=D6-1
Added Pin To Net: NetName=NetD6_1 Pin=R13-2
Added Net: Name=NetD6_1
Added Pin To Net: NetName=NetD6_3 Pin=D6-3
Added Pin To Net: NetName=NetD6_3 Pin=R19-1
Added Net: Name=NetD6_3
Added Pin To Net: NetName=NetD6_4 Pin=D6-4
Added Pin To Net: NetName=NetD6_4 Pin=R18-1
Added Net: Name=NetD6_4
Added Pin To Net: NetName=NetJ1_2 Pin=J1-2
Added Pin To Net: NetName=NetJ1_2 Pin=R1-1
Added Net: Name=NetJ1_2
Added Pin To Net: NetName=NetJ1_3 Pin=J1-3
Added Pin To Net: NetName=NetJ1_3 Pin=R2-1
Added Net: Name=NetJ1_3
Added Pin To Net: NetName=NetJ1_4 Pin=J1-4
Added Pin To Net: NetName=NetJ1_4 Pin=TP3-1
Added Net: Name=NetJ1_4
Added Pin To Net: NetName=NetJ6_10 Pin=J6-10
Added Pin To Net: NetName=NetJ6_10 Pin=R21-2
Added Net: Name=NetJ6_10
Added Pin To Net: NetName=NetJ6_11 Pin=J6-11
Added Pin To Net: NetName=NetJ6_11 Pin=R22-2
Added Net: Name=NetJ6_11
Added Pin To Net: NetName=P3V3_VREG Pin=C2-1
Added Pin To Net: NetName=P3V3_VREG Pin=D4-1
Added Pin To Net: NetName=P3V3_VREG Pin=TP5-1
Added Pin To Net: NetName=P3V3_VREG Pin=U2-2
Added Pin To Net: NetName=P3V3_VREG Pin=U2-4
Added Net: Name=P3V3_VREG
Added Pin To Net: NetName=PTA0 Pin=P1-4
Added Pin To Net: NetName=PTA0 Pin=U1-50
Added Net: Name=PTA0
Added Pin To Net: NetName=PTA1 Pin=U1-51
Added Net: Name=PTA1
Added Pin To Net: NetName=PTA2 Pin=R5-2
Added Pin To Net: NetName=PTA2 Pin=U1-52
Added Net: Name=PTA2
Added Pin To Net: NetName=PTA3 Pin=P1-2
Added Pin To Net: NetName=PTA3 Pin=U1-53
Added Net: Name=PTA3
Added Pin To Net: NetName=PTA4 Pin=U1-54
Added Net: Name=PTA4
Added Pin To Net: NetName=PTA5 Pin=R10-1
Added Pin To Net: NetName=PTA5 Pin=U1-55
Added Net: Name=PTA5
Added Pin To Net: NetName=PTA6 Pin=U1-58
Added Net: Name=PTA6
Added Pin To Net: NetName=PTA7 Pin=U1-59
Added Net: Name=PTA7
Added Pin To Net: NetName=PTA8 Pin=U1-60
Added Net: Name=PTA8
Added Pin To Net: NetName=PTA9 Pin=U1-61
Added Net: Name=PTA9
Added Pin To Net: NetName=PTA10 Pin=U1-62
Added Net: Name=PTA10
Added Pin To Net: NetName=PTA11 Pin=U1-63
Added Net: Name=PTA11
Added Pin To Net: NetName=PTA12 Pin=R9-1
Added Pin To Net: NetName=PTA12 Pin=U1-64
Added Net: Name=PTA12
Added Pin To Net: NetName=PTA13 Pin=R8-1
Added Pin To Net: NetName=PTA13 Pin=U1-65
Added Net: Name=PTA13
Added Pin To Net: NetName=PTA14 Pin=R12-2
Added Pin To Net: NetName=PTA14 Pin=U1-66
Added Net: Name=PTA14
Added Pin To Net: NetName=PTA15 Pin=U1-67
Added Pin To Net: NetName=PTA15 Pin=U3-19
Added Net: Name=PTA15
Added Pin To Net: NetName=PTA16 Pin=U1-68
Added Pin To Net: NetName=PTA16 Pin=U3-20
Added Net: Name=PTA16
Added Pin To Net: NetName=PTA17 Pin=U1-69
Added Pin To Net: NetName=PTA17 Pin=U3-21
Added Net: Name=PTA17
Added Pin To Net: NetName=PTA18 Pin=R11-1
Added Pin To Net: NetName=PTA18 Pin=U1-72
Added Net: Name=PTA18
Added Pin To Net: NetName=PTA19 Pin=U1-73
Added Net: Name=PTA19
Added Pin To Net: NetName=PTA24 Pin=U1-75
Added Net: Name=PTA24
Added Pin To Net: NetName=PTA25 Pin=U1-76
Added Net: Name=PTA25
Added Pin To Net: NetName=PTA26 Pin=U1-77
Added Net: Name=PTA26
Added Pin To Net: NetName=PTA27 Pin=U1-78
Added Net: Name=PTA27
Added Pin To Net: NetName=PTA28 Pin=U1-79
Added Net: Name=PTA28
Added Pin To Net: NetName=PTA29 Pin=U1-80
Added Net: Name=PTA29
Added Pin To Net: NetName=PTB0 Pin=U1-81
Added Pin To Net: NetName=PTB0 Pin=U3-10
Added Net: Name=PTB0
Added Pin To Net: NetName=PTB1 Pin=U1-82
Added Pin To Net: NetName=PTB1 Pin=U3-11
Added Net: Name=PTB1
Added Pin To Net: NetName=PTB2 Pin=U1-83
Added Net: Name=PTB2
Added Pin To Net: NetName=PTB3 Pin=U1-84
Added Net: Name=PTB3
Added Pin To Net: NetName=PTB4 Pin=U1-85
Added Net: Name=PTB4
Added Pin To Net: NetName=PTB5 Pin=U1-86
Added Net: Name=PTB5
Added Pin To Net: NetName=PTB6 Pin=U1-87
Added Net: Name=PTB6
Added Pin To Net: NetName=PTB7 Pin=U1-88
Added Net: Name=PTB7
Added Pin To Net: NetName=PTB8 Pin=U1-89
Added Net: Name=PTB8
Added Pin To Net: NetName=PTB9 Pin=U1-90
Added Net: Name=PTB9
Added Pin To Net: NetName=PTB10 Pin=U1-91
Added Net: Name=PTB10
Added Pin To Net: NetName=PTB11 Pin=U1-92
Added Net: Name=PTB11
Added Pin To Net: NetName=PTB16 Pin=U1-95
Added Net: Name=PTB16
Added Pin To Net: NetName=PTB17 Pin=U1-96
Added Net: Name=PTB17
Added Pin To Net: NetName=PTB20 Pin=U1-99
Added Net: Name=PTB20
Added Pin To Net: NetName=PTB21 Pin=R19-2
Added Pin To Net: NetName=PTB21 Pin=U1-100
Added Net: Name=PTB21
Added Pin To Net: NetName=PTB22 Pin=R13-1
Added Pin To Net: NetName=PTB22 Pin=U1-101
Added Net: Name=PTB22
Added Pin To Net: NetName=PTB23 Pin=U1-102
Added Net: Name=PTB23
Added Pin To Net: NetName=PTC0 Pin=J8-16
Added Pin To Net: NetName=PTC0 Pin=U1-103
Added Net: Name=PTC0
Added Pin To Net: NetName=PTC1 Pin=J8-15
Added Pin To Net: NetName=PTC1 Pin=U1-104
Added Net: Name=PTC1
Added Pin To Net: NetName=PTC2 Pin=J8-14
Added Pin To Net: NetName=PTC2 Pin=U1-105
Added Net: Name=PTC2
Added Pin To Net: NetName=PTC3 Pin=J8-13
Added Pin To Net: NetName=PTC3 Pin=U1-106
Added Net: Name=PTC3
Added Pin To Net: NetName=PTC4 Pin=J8-12
Added Pin To Net: NetName=PTC4 Pin=U1-109
Added Net: Name=PTC4
Added Pin To Net: NetName=PTC5 Pin=J8-11
Added Pin To Net: NetName=PTC5 Pin=U1-110
Added Net: Name=PTC5
Added Pin To Net: NetName=PTC6 Pin=J8-10
Added Pin To Net: NetName=PTC6 Pin=U1-111
Added Net: Name=PTC6
Added Pin To Net: NetName=PTC7 Pin=J8-9
Added Pin To Net: NetName=PTC7 Pin=U1-112
Added Net: Name=PTC7
Added Pin To Net: NetName=PTC8 Pin=U1-113
Added Net: Name=PTC8
Added Pin To Net: NetName=PTC9 Pin=R24-1
Added Pin To Net: NetName=PTC9 Pin=R29-2
Added Pin To Net: NetName=PTC9 Pin=U1-114
Added Net: Name=PTC9
Added Pin To Net: NetName=PTC10 Pin=U1-115
Added Net: Name=PTC10
Added Pin To Net: NetName=PTC11 Pin=U1-116
Added Net: Name=PTC11
Added Pin To Net: NetName=PTC12 Pin=U1-117
Added Net: Name=PTC12
Added Pin To Net: NetName=PTC13 Pin=U1-118
Added Net: Name=PTC13
Added Pin To Net: NetName=PTC14 Pin=U1-119
Added Net: Name=PTC14
Added Pin To Net: NetName=PTC15 Pin=U1-120
Added Net: Name=PTC15
Added Pin To Net: NetName=PTC16 Pin=U1-123
Added Net: Name=PTC16
Added Pin To Net: NetName=PTC17 Pin=U1-124
Added Net: Name=PTC17
Added Pin To Net: NetName=PTC18 Pin=U1-125
Added Net: Name=PTC18
Added Pin To Net: NetName=PTC19 Pin=U1-126
Added Net: Name=PTC19
Added Pin To Net: NetName=PTD0 Pin=J8-8
Added Pin To Net: NetName=PTD0 Pin=U1-127
Added Net: Name=PTD0
Added Pin To Net: NetName=PTD1 Pin=J8-5
Added Pin To Net: NetName=PTD1 Pin=U1-128
Added Net: Name=PTD1
Added Pin To Net: NetName=PTD2 Pin=J8-7
Added Pin To Net: NetName=PTD2 Pin=U1-129
Added Net: Name=PTD2
Added Pin To Net: NetName=PTD3 Pin=J8-6
Added Pin To Net: NetName=PTD3 Pin=U1-130
Added Net: Name=PTD3
Added Pin To Net: NetName=PTD4 Pin=U1-131
Added Net: Name=PTD4
Added Pin To Net: NetName=PTD5 Pin=U1-132
Added Net: Name=PTD5
Added Pin To Net: NetName=PTD6 Pin=U1-133
Added Net: Name=PTD6
Added Pin To Net: NetName=PTD7 Pin=U1-136
Added Net: Name=PTD7
Added Pin To Net: NetName=PTD8 Pin=U1-137
Added Net: Name=PTD8
Added Pin To Net: NetName=PTD9 Pin=U1-138
Added Net: Name=PTD9
Added Pin To Net: NetName=PTD10 Pin=U1-139
Added Net: Name=PTD10
Added Pin To Net: NetName=PTD11 Pin=U1-140
Added Net: Name=PTD11
Added Pin To Net: NetName=PTD12 Pin=U1-141
Added Net: Name=PTD12
Added Pin To Net: NetName=PTD13 Pin=U1-142
Added Net: Name=PTD13
Added Pin To Net: NetName=PTD14 Pin=U1-143
Added Net: Name=PTD14
Added Pin To Net: NetName=PTD15 Pin=U1-144
Added Net: Name=PTD15
Added Pin To Net: NetName=PTE0 Pin=U1-1
Added Net: Name=PTE0
Added Pin To Net: NetName=PTE1 Pin=U1-2
Added Net: Name=PTE1
Added Pin To Net: NetName=PTE2 Pin=U1-3
Added Net: Name=PTE2
Added Pin To Net: NetName=PTE3 Pin=U1-4
Added Net: Name=PTE3
Added Pin To Net: NetName=PTE4 Pin=U1-7
Added Net: Name=PTE4
Added Pin To Net: NetName=PTE5 Pin=U1-8
Added Net: Name=PTE5
Added Pin To Net: NetName=PTE6 Pin=U1-9
Added Net: Name=PTE6
Added Pin To Net: NetName=PTE7 Pin=U1-10
Added Net: Name=PTE7
Added Pin To Net: NetName=PTE8 Pin=U1-11
Added Net: Name=PTE8
Added Pin To Net: NetName=PTE9 Pin=U1-12
Added Net: Name=PTE9
Added Pin To Net: NetName=PTE10 Pin=U1-13
Added Net: Name=PTE10
Added Pin To Net: NetName=PTE11 Pin=U1-14
Added Net: Name=PTE11
Added Pin To Net: NetName=PTE12 Pin=U1-15
Added Net: Name=PTE12
Added Pin To Net: NetName=PTE24 Pin=J8-3
Added Pin To Net: NetName=PTE24 Pin=U1-45
Added Net: Name=PTE24
Added Pin To Net: NetName=PTE25 Pin=J8-4
Added Pin To Net: NetName=PTE25 Pin=U1-46
Added Net: Name=PTE25
Added Pin To Net: NetName=PTE26 Pin=R18-2
Added Pin To Net: NetName=PTE26 Pin=U1-47
Added Net: Name=PTE26
Added Pin To Net: NetName=PTE27 Pin=U1-48
Added Net: Name=PTE27
Added Pin To Net: NetName=PTE28 Pin=U1-49
Added Net: Name=PTE28
Added Pin To Net: NetName=PWON Pin=C1-2
Added Pin To Net: NetName=PWON Pin=C2-2
Added Pin To Net: NetName=PWON Pin=C3-1
Added Pin To Net: NetName=PWON Pin=C4-1
Added Pin To Net: NetName=PWON Pin=C5-1
Added Pin To Net: NetName=PWON Pin=C6-1
Added Pin To Net: NetName=PWON Pin=C7-1
Added Pin To Net: NetName=PWON Pin=C8-1
Added Pin To Net: NetName=PWON Pin=C9-1
Added Pin To Net: NetName=PWON Pin=C10-1
Added Pin To Net: NetName=PWON Pin=C11-1
Added Pin To Net: NetName=PWON Pin=C12-1
Added Pin To Net: NetName=PWON Pin=C13-1
Added Pin To Net: NetName=PWON Pin=C14-1
Added Pin To Net: NetName=PWON Pin=C15-1
Added Pin To Net: NetName=PWON Pin=C16-1
Added Pin To Net: NetName=PWON Pin=C17-1
Added Pin To Net: NetName=PWON Pin=C18-1
Added Pin To Net: NetName=PWON Pin=C19-2
Added Pin To Net: NetName=PWON Pin=C20-1
Added Pin To Net: NetName=PWON Pin=J1-5
Added Pin To Net: NetName=PWON Pin=J1-6
Added Pin To Net: NetName=PWON Pin=J1-7
Added Pin To Net: NetName=PWON Pin=J1-8
Added Pin To Net: NetName=PWON Pin=J2-2
Added Pin To Net: NetName=PWON Pin=J2-3
Added Pin To Net: NetName=PWON Pin=J3-2
Added Pin To Net: NetName=PWON Pin=J6-9
Added Pin To Net: NetName=PWON Pin=J7-5
Added Pin To Net: NetName=PWON Pin=J8-2
Added Pin To Net: NetName=PWON Pin=J8-18
Added Pin To Net: NetName=PWON Pin=P1-3
Added Pin To Net: NetName=PWON Pin=P1-5
Added Pin To Net: NetName=PWON Pin=R6-1
Added Pin To Net: NetName=PWON Pin=R27-1
Added Pin To Net: NetName=PWON Pin=R28-1
Added Pin To Net: NetName=PWON Pin=R29-1
Added Pin To Net: NetName=PWON Pin=U1-6
Added Pin To Net: NetName=PWON Pin=U1-17
Added Pin To Net: NetName=PWON Pin=U1-18
Added Pin To Net: NetName=PWON Pin=U1-33
Added Pin To Net: NetName=PWON Pin=U1-34
Added Pin To Net: NetName=PWON Pin=U1-44
Added Pin To Net: NetName=PWON Pin=U1-57
Added Pin To Net: NetName=PWON Pin=U1-71
Added Pin To Net: NetName=PWON Pin=U1-93
Added Pin To Net: NetName=PWON Pin=U1-107
Added Pin To Net: NetName=PWON Pin=U1-121
Added Pin To Net: NetName=PWON Pin=U1-134
Added Pin To Net: NetName=PWON Pin=U2-1
Added Pin To Net: NetName=PWON Pin=U3-22
Added Pin To Net: NetName=PWON Pin=U3-25
Added Net: Name=PWON
Added Pin To Net: NetName=REXT Pin=C3-2
Added Pin To Net: NetName=REXT Pin=R6-2
Added Pin To Net: NetName=REXT Pin=U3-9
Added Net: Name=REXT
Added Pin To Net: NetName=RMII0_RXD_0 Pin=R8-2
Added Pin To Net: NetName=RMII0_RXD_0 Pin=U3-13
Added Net: Name=RMII0_RXD_0
Added Pin To Net: NetName=RMII0_RXD_1 Pin=R9-2
Added Pin To Net: NetName=RMII0_RXD_1 Pin=U3-12
Added Net: Name=RMII0_RXD_1
Added Pin To Net: NetName=RMII0_RXER Pin=R10-2
Added Pin To Net: NetName=RMII0_RXER Pin=U3-17
Added Net: Name=RMII0_RXER
Added Pin To Net: NetName=RMII_XTALI Pin=C11-2
Added Pin To Net: NetName=RMII_XTALI Pin=U3-8
Added Pin To Net: NetName=RMII_XTALI Pin=Y1-2
Added Net: Name=RMII_XTALI
Added Pin To Net: NetName=RMII_XTALO Pin=C12-2
Added Pin To Net: NetName=RMII_XTALO Pin=U3-7
Added Pin To Net: NetName=RMII_XTALO Pin=Y1-1
Added Net: Name=RMII_XTALO
Added Pin To Net: NetName=RST_TGTMCU_B Pin=C20-2
Added Pin To Net: NetName=RST_TGTMCU_B Pin=P1-10
Added Pin To Net: NetName=RST_TGTMCU_B Pin=R23-1
Added Pin To Net: NetName=RST_TGTMCU_B Pin=U1-74
Added Net: Name=RST_TGTMCU_B
Added Pin To Net: NetName=RXCLK Pin=R11-2
Added Pin To Net: NetName=RXCLK Pin=U3-16
Added Net: Name=RXCLK
Added Pin To Net: NetName=TRACE_SWO Pin=P1-6
Added Pin To Net: NetName=TRACE_SWO Pin=R5-1
Added Net: Name=TRACE_SWO
Added Pin To Net: NetName=VDDPLL_1.2V Pin=C9-2
Added Pin To Net: NetName=VDDPLL_1.2V Pin=C10-2
Added Pin To Net: NetName=VDDPLL_1.2V Pin=U3-1
Added Net: Name=VDDPLL_1.2V
Added Pin To Net: NetName=VOUT33_K64 Pin=C16-2
Added Pin To Net: NetName=VOUT33_K64 Pin=TP7-1
Added Pin To Net: NetName=VOUT33_K64 Pin=U1-21
Added Net: Name=VOUT33_K64
Added Pin To Net: NetName=XTAL32_RTC Pin=U1-40
Added Pin To Net: NetName=XTAL32_RTC Pin=Y2-1
Added Net: Name=XTAL32_RTC
Added Class: Name=PTA[0..29]
Added Class: Name=PTB[0..23]
Added Class: Name=PTC[0..19]
Added Class: Name=PTD[0..15]
Added Class: Name=PTE[0..28]
Added Member To Class: ClassName=Board Member=Component C1 10uF
Added Member To Class: ClassName=Board Member=Component C2 10uF
Added Member To Class: ClassName=Board Member=Component C3 100pF
Added Member To Class: ClassName=Board Member=Component C4 10uF
Added Member To Class: ClassName=Board Member=Component C5 4.7uF
Added Member To Class: ClassName=Board Member=Component C6 0.1uF
Added Member To Class: ClassName=Board Member=Component C7 0.1uF
Added Member To Class: ClassName=Board Member=Component C8 0.1uF
Added Member To Class: ClassName=Board Member=Component C9 0.1uF
Added Member To Class: ClassName=Board Member=Component C10 1uF
Added Member To Class: ClassName=Board Member=Component C11 24pF
Added Member To Class: ClassName=Board Member=Component C12 24pF
Added Member To Class: ClassName=Board Member=Component C13 0.1uF
Added Member To Class: ClassName=Board Member=Component C14 10uF
Added Member To Class: ClassName=Board Member=Component C15 0.1uF
Added Member To Class: ClassName=Board Member=Component C16 0.1uF
Added Member To Class: ClassName=Board Member=Component C17 0.1uF
Added Member To Class: ClassName=Board Member=Component C18 0.1uF
Added Member To Class: ClassName=Board Member=Component C19 10uF DNP
Added Member To Class: ClassName=Board Member=Component C20 0.1uF
Added Member To Class: ClassName=Board Member=Component D1 DFLS130L-7
Added Member To Class: ClassName=Board Member=Component D2 DFLS130L-7
Added Member To Class: ClassName=Board Member=Component D3 DFLS130L-7
Added Member To Class: ClassName=Board Member=Component D4 DFLS130L-7
Added Member To Class: ClassName=Board Member=Component D5 DFLS130L-7
Added Member To Class: ClassName=Board Member=Component D6 CLV1A-FKB-CHMKPEHBB7A363
Added Member To Class: ClassName=Board Member=Component J1 105133-0001
Added Member To Class: ClassName=Board Member=Component J2 JACKDC
Added Member To Class: ClassName=Board Member=Component J3 MOLEX2
Added Member To Class: ClassName=Board Member=Component J4 CON2
Added Member To Class: ClassName=Board Member=Component J5 CON2
Added Member To Class: ClassName=Board Member=Component J6 MRJ-5381-01
Added Member To Class: ClassName=Board Member=Component J7 MOLEX5
Added Member To Class: ClassName=Board Member=Component J8 CON9*2
Added Member To Class: ClassName=Board Member=Component P1 Header 5X2
Added Member To Class: ClassName=Board Member=Component R1 33
Added Member To Class: ClassName=Board Member=Component R2 33
Added Member To Class: ClassName=Board Member=Component R3 0
Added Member To Class: ClassName=Board Member=Component R4 0
Added Member To Class: ClassName=Board Member=Component R5 0
Added Member To Class: ClassName=Board Member=Component R6 6.49K
Added Member To Class: ClassName=Board Member=Component R7 10K
Added Member To Class: ClassName=Board Member=Component R8 33
Added Member To Class: ClassName=Board Member=Component R9 33
Added Member To Class: ClassName=Board Member=Component R10 33
Added Member To Class: ClassName=Board Member=Component R11 33
Added Member To Class: ClassName=Board Member=Component R12 33
Added Member To Class: ClassName=Board Member=Component R13 430
Added Member To Class: ClassName=Board Member=Component R14 49.9
Added Member To Class: ClassName=Board Member=Component R15 49.9
Added Member To Class: ClassName=Board Member=Component R16 0
Added Member To Class: ClassName=Board Member=Component R17 49.9
Added Member To Class: ClassName=Board Member=Component R18 270
Added Member To Class: ClassName=Board Member=Component R19 270
Added Member To Class: ClassName=Board Member=Component R20 49.9
Added Member To Class: ClassName=Board Member=Component R21 100
Added Member To Class: ClassName=Board Member=Component R22 100
Added Member To Class: ClassName=Board Member=Component R23 10K
Added Member To Class: ClassName=Board Member=Component R24 3.3K
Added Member To Class: ClassName=Board Member=Component R25 3.3K
Added Member To Class: ClassName=Board Member=Component R26 3.3K
Added Member To Class: ClassName=Board Member=Component R27 6.8K
Added Member To Class: ClassName=Board Member=Component R28 6.8K
Added Member To Class: ClassName=Board Member=Component R29 6.8K
Added Member To Class: ClassName=Board Member=Component TP1 TP
Added Member To Class: ClassName=Board Member=Component TP2 TP
Added Member To Class: ClassName=Board Member=Component TP3 TP
Added Member To Class: ClassName=Board Member=Component TP4 TP
Added Member To Class: ClassName=Board Member=Component TP5 TP
Added Member To Class: ClassName=Board Member=Component TP6 TP
Added Member To Class: ClassName=Board Member=Component TP7 TP
Added Member To Class: ClassName=Board Member=Component U1 MK64FN1M0VLQ12
Added Member To Class: ClassName=Board Member=Component U2 NCP1117ST33T3G
Added Member To Class: ClassName=Board Member=Component U3 KSZ8081RNACA
Added Member To Class: ClassName=Board Member=Component Y1 25MHZ
Added Member To Class: ClassName=Board Member=Component Y2 32.768KHZ
Added Room: Name=Board
