Added Component: Designator=C21(0805)
Added Component: Designator=C22(0805)
Added Component: Designator=C23(0805)
Added Component: Designator=C24(0805)
Added Component: Designator=C25(0805)
Added Component: Designator=C26(0805)
Added Pin To Net: NetName=VSS Pin=C21-1
Added Pin To Net: NetName=3V3 Pin=C21-2
Added Pin To Net: NetName=VSS Pin=C22-1
Added Pin To Net: NetName=3V3 Pin=C22-2
Added Pin To Net: NetName=VSS Pin=C23-1
Added Pin To Net: NetName=3V3 Pin=C23-2
Added Pin To Net: NetName=VSS Pin=C24-1
Added Pin To Net: NetName=3V3 Pin=C24-2
Added Pin To Net: NetName=VSS Pin=C25-1
Added Pin To Net: NetName=3V3 Pin=C25-2
Added Pin To Net: NetName=VSS Pin=C26-1
Added Pin To Net: NetName=3V3 Pin=C26-2
Added Member To Class: ClassName=Board Member=Component C21 0.1uF
Added Member To Class: ClassName=Board Member=Component C22 0.1uF
Added Member To Class: ClassName=Board Member=Component C23 0.1uF
Added Member To Class: ClassName=Board Member=Component C24 0.1uF
Added Member To Class: ClassName=Board Member=Component C25 0.1uF
Added Member To Class: ClassName=Board Member=Component C26 0.1uF
Added Room: Name=Board
